TN:
SF:src\domain\balance\model\balance.ts
FN:17,BalanceDomain
FN:28,equal
FN:32,get amount
FN:36,get updated_on
FN:40,get id
FNF:5
FNH:5
FNDA:7,BalanceDomain
FNDA:1,equal
FNDA:2,get amount
FNDA:1,get updated_on
FNDA:3,get id
DA:1,1
DA:2,1
DA:3,1
DA:4,1
DA:5,1
DA:6,1
DA:7,1
DA:8,1
DA:9,1
DA:10,1
DA:11,1
DA:12,1
DA:13,1
DA:14,1
DA:15,1
DA:16,1
DA:17,1
DA:18,7
DA:19,7
DA:20,7
DA:21,7
DA:22,7
DA:23,7
DA:24,1
DA:25,1
DA:26,7
DA:27,1
DA:28,1
DA:29,1
DA:30,1
DA:31,1
DA:32,1
DA:33,2
DA:34,2
DA:35,1
DA:36,1
DA:37,1
DA:38,1
DA:39,1
DA:40,1
DA:41,3
DA:42,3
DA:43,1
LF:43
LH:43
BRDA:17,0,0,7
BRDA:23,1,0,1
BRDA:28,2,0,1
BRDA:32,3,0,2
BRDA:36,4,0,1
BRDA:40,5,0,3
BRF:6
BRH:6
end_of_record
TN:
SF:src\domain\balance\value\amount.ts
FN:9,Amount
FN:5,get Value
FN:18,equal
FNF:3
FNH:3
FNDA:17,Amount
FNDA:9,get Value
FNDA:4,equal
DA:1,1
DA:2,1
DA:3,1
DA:4,1
DA:5,1
DA:6,9
DA:7,9
DA:8,1
DA:9,1
DA:10,17
DA:11,17
DA:12,15
DA:13,17
DA:14,14
DA:15,14
DA:16,14
DA:17,1
DA:18,1
DA:19,4
DA:20,4
DA:21,1
LF:21
LH:21
BRDA:9,0,0,17
BRDA:11,1,0,2
BRDA:12,2,0,15
BRDA:13,3,0,1
BRDA:14,4,0,14
BRDA:5,5,0,9
BRDA:18,6,0,4
BRF:7
BRH:7
end_of_record
